GET /me 304 71ms 2024-07-11T12:10:16.860Z
GET /featured 304 111ms 2024-07-11T12:10:17.155Z
GET /?page=1&search=&order=&limit=5&category= 304 301ms 2024-07-11T12:10:17.393Z
GET /?page=1&search=&order=&limit=5&category= 304 231ms 2024-07-11T12:10:17.842Z
GET /me 304 12ms 2024-07-11T12:10:27.557Z
GET /featured 304 55ms 2024-07-11T12:10:27.808Z
GET /?page=1&search=&order=&limit=5&category= 304 170ms 2024-07-11T12:10:27.955Z
GET /?page=1&search=&order=&limit=5&category= 304 138ms 2024-07-11T12:10:28.477Z
GET /me 304 202ms 2024-07-14T21:13:35.139Z
GET /featured 304 509ms 2024-07-14T21:13:35.936Z
GET /?page=1&search=&order=&limit=5&category= 304 722ms 2024-07-14T21:13:36.134Z
GET /?page=1&search=&order=&limit=5&category= 304 172ms 2024-07-14T21:13:36.907Z
GET /me 304 116ms 2024-07-14T21:14:13.971Z
GET /featured 304 175ms 2024-07-14T21:14:14.991Z
GET /?page=1&search=&order=&limit=5&category= 304 318ms 2024-07-14T21:14:15.188Z
GET /?page=1&search=&order=&limit=5&category= 304 307ms 2024-07-14T21:14:17.099Z
GET /me 304 10ms 2024-07-14T21:14:29.390Z
GET /featured 304 55ms 2024-07-14T21:14:30.086Z
GET /?page=1&search=&order=&limit=5&category= 304 266ms 2024-07-14T21:14:30.299Z
GET /?page=1&search=&order=&limit=5&category= 304 310ms 2024-07-14T21:14:31.104Z
GET /me 200 46ms 2024-07-14T21:15:30.077Z
GET /featured 200 95ms 2024-07-14T21:15:30.408Z
GET /?page=1&search=&order=&limit=5&category= 200 221ms 2024-07-14T21:15:30.540Z
GET /?page=1&search=&order=&limit=5&category= 200 224ms 2024-07-14T21:15:31.876Z
GET /me 200 59ms 2024-07-14T21:16:59.691Z
GET /featured 200 628ms 2024-07-14T21:17:00.824Z
GET /?page=1&search=&order=&limit=5&category= 200 755ms 2024-07-14T21:17:00.966Z
GET /?page=1&search=&order=&limit=5&category= 200 224ms 2024-07-14T21:17:02.453Z
GET /me 200 10ms 2024-07-14T21:17:10.580Z
GET /featured 200 188ms 2024-07-14T21:17:11.186Z
GET /?page=1&search=&order=&limit=5&category= 200 293ms 2024-07-14T21:17:11.295Z
GET /?page=1&search=&order=&limit=5&category= 200 213ms 2024-07-14T21:17:12.136Z
GET /me 200 12ms 2024-07-14T21:17:32.289Z
GET /featured 200 62ms 2024-07-14T21:17:32.782Z
GET /?page=1&search=&order=&limit=5&category= 200 297ms 2024-07-14T21:17:33.020Z
GET /?page=1&search=&order=&limit=5&category= 200 223ms 2024-07-14T21:17:34.819Z
GET /?page=1&search=&order=&limit=5&category= 200 112ms 2024-07-14T21:19:24.314Z
POST /login 200 212ms 2024-07-14T21:19:33.088Z
GET /me 200 41ms 2024-07-14T21:19:33.243Z
GET /me 200 22ms 2024-07-14T21:19:33.304Z
GET /?page=1&search=&order=&limit=5&category= 200 220ms 2024-07-14T21:19:34.021Z
GET /?page=1&search=&order=&limit=5&category= 200 184ms 2024-07-14T21:19:34.709Z
GET /me 200 149ms 2024-07-14T21:28:56.991Z
GET /featured 200 105ms 2024-07-14T21:28:57.371Z
GET /?page=1&search=&order=&limit=5&category= 200 283ms 2024-07-14T21:28:57.567Z
GET /?page=1&search=&order=&limit=5&category= 200 154ms 2024-07-14T21:28:57.881Z
GET /me 200 21ms 2024-07-14T21:29:12.234Z
GET /featured 200 187ms 2024-07-14T21:29:13.767Z
GET /?page=1&search=&order=&limit=5&category= 200 221ms 2024-07-14T21:29:13.842Z
GET /me 200 71ms 2024-07-14T21:31:13.033Z
GET /featured 200 44ms 2024-07-14T21:31:13.340Z
GET /?page=1&search=&order=&limit=5&category= 200 277ms 2024-07-14T21:31:13.576Z
GET /?page=1&search=&order=&limit=5&category= 200 173ms 2024-07-14T21:31:13.947Z
GET /me 200 10ms 2024-07-14T21:31:47.372Z
GET /featured 200 56ms 2024-07-14T21:31:48.019Z
GET /?page=1&search=&order=&limit=5&category= 200 222ms 2024-07-14T21:31:48.188Z
GET /me 200 13ms 2024-07-14T21:32:00.546Z
GET /featured 200 127ms 2024-07-14T21:32:01.169Z
GET /?page=1&search=&order=&limit=5&category= 200 260ms 2024-07-14T21:32:01.306Z
GET /me 200 13ms 2024-07-14T21:32:34.912Z
GET /me 200 10ms 2024-07-14T21:32:36.530Z
GET /featured 200 94ms 2024-07-14T21:32:36.545Z
GET /?page=1&search=&order=&limit=5&category= 200 348ms 2024-07-14T21:32:36.818Z
GET /featured 200 52ms 2024-07-14T21:32:39.125Z
GET /?page=1&search=&order=&limit=5&category= 200 189ms 2024-07-14T21:32:39.328Z
GET /me 200 43ms 2024-07-14T21:33:00.673Z
GET /me 200 13ms 2024-07-14T21:33:01.690Z
GET /featured 200 98ms 2024-07-14T21:33:02.231Z
GET /?page=1&search=&order=&limit=5&category= 200 302ms 2024-07-14T21:33:02.478Z
GET /featured 200 73ms 2024-07-14T21:33:03.270Z
GET /?page=1&search=&order=&limit=5&category= 200 314ms 2024-07-14T21:33:03.657Z
GET /me 200 7ms 2024-07-14T21:33:26.535Z
GET /featured 200 78ms 2024-07-14T21:33:27.559Z
GET /?page=1&search=&order=&limit=5&category= 200 213ms 2024-07-14T21:33:27.869Z
GET /me 200 20ms 2024-07-14T21:33:28.109Z
GET /featured 200 52ms 2024-07-14T21:33:31.455Z
GET /?page=1&search=&order=&limit=5&category= 200 307ms 2024-07-14T21:33:31.722Z
GET /me 200 9ms 2024-07-14T21:34:44.554Z
GET /featured 200 108ms 2024-07-14T21:34:50.922Z
GET /?page=1&search=&order=&limit=5&category= 200 163ms 2024-07-14T21:34:51.000Z
GET /?page=1&search=&order=&limit=5&category= 200 144ms 2024-07-14T21:34:51.576Z
GET /me 200 7ms 2024-07-14T21:35:02.658Z
GET /featured 200 17ms 2024-07-14T21:35:03.277Z
GET /?page=1&search=&order=&limit=5&category= 200 58ms 2024-07-14T21:35:03.341Z
GET /me 200 8ms 2024-07-14T21:36:03.896Z
GET /featured 200 54ms 2024-07-14T21:36:04.885Z
GET /?page=1&search=&order=&limit=5&category= 200 222ms 2024-07-14T21:36:05.083Z
GET /me 200 8ms 2024-07-14T21:36:16.938Z
GET /featured 200 35ms 2024-07-14T21:36:17.466Z
GET /?page=1&search=&order=&limit=5&category= 200 80ms 2024-07-14T21:36:17.532Z
GET /me 304 72ms 2024-07-14T21:37:04.605Z
GET / 200 61ms 2024-07-14T21:37:32.021Z
GET /me 200 88ms 2024-07-14T21:39:22.001Z
GET /featured 200 117ms 2024-07-14T21:39:22.467Z
GET /?page=1&search=&order=&limit=5&category= 200 414ms 2024-07-14T21:39:22.775Z
GET /?page=1&search=&order=&limit=5&category= 200 99ms 2024-07-14T21:39:23.472Z
GET /me 200 50ms 2024-07-14T21:41:27.825Z
GET /featured 200 129ms 2024-07-14T21:41:28.478Z
GET /?page=1&search=&order=&limit=5&category= 200 525ms 2024-07-14T21:41:28.854Z
GET /?page=1&search=&order=&limit=5&category= 200 127ms 2024-07-14T21:41:30.033Z
GET /me 200 46ms 2024-07-14T21:42:11.563Z
GET /6634b457124440745efcae8e 200 188ms 2024-07-14T21:42:12.131Z
GET /6634b457124440745efcae8e 200 147ms 2024-07-14T21:42:13.246Z
GET /authors/6634b457124440745efcae8e/?page=1&order=&limit=5&state=&search=&category= 200 184ms 2024-07-14T21:42:14.441Z
GET /authors/6634b457124440745efcae8e/?page=1&order=&limit=5&state=&search=&category= 200 36ms 2024-07-14T21:42:14.933Z
GET /authors/6634b457124440745efcae8e/?page=1&order=&limit=5&state=&search=&category= 200 32ms 2024-07-14T21:42:15.585Z
GET /featured 200 188ms 2024-07-14T21:44:13.942Z
GET /?page=1&search=&order=&limit=5&category= 200 366ms 2024-07-14T21:44:14.153Z
GET /me 200 56ms 2024-07-14T21:44:53.228Z
GET /6634b457124440745efcae8e 200 150ms 2024-07-14T21:44:53.594Z
GET /6634b457124440745efcae8e 200 96ms 2024-07-14T21:44:54.828Z
GET /authors/6634b457124440745efcae8e/?page=1&order=&limit=5&state=&search=&category= 200 159ms 2024-07-14T21:44:55.459Z
GET /authors/6634b457124440745efcae8e/?page=1&order=&limit=5&state=&search=&category= 200 233ms 2024-07-14T21:44:56.244Z
GET /authors/6634b457124440745efcae8e/?page=1&order=&limit=5&state=&search=&category= 200 38ms 2024-07-14T21:44:56.838Z
GET /featured 200 156ms 2024-07-14T21:44:59.311Z
GET /?page=1&search=&order=&limit=5&category= 200 293ms 2024-07-14T21:44:59.495Z
GET /me 200 44ms 2024-07-14T21:46:43.123Z
GET /featured 200 78ms 2024-07-14T21:46:43.808Z
GET /?page=1&search=&order=&limit=5&category= 200 204ms 2024-07-14T21:46:43.971Z
GET /me 304 202ms 2024-07-17T20:14:18.051Z
GET /featured 304 1161ms 2024-07-17T20:14:19.550Z
GET /?page=1&search=&order=&limit=5&category= 304 1698ms 2024-07-17T20:14:20.110Z
GET /?page=1&search=&order=&limit=5&category= 304 194ms 2024-07-17T20:14:20.312Z
GET /featured 200 63ms 2024-07-17T20:15:09.286Z
GET /?page=1&search=&order=&limit=5&category= 200 183ms 2024-07-17T20:15:09.414Z
POST /login 401 342ms 2024-07-17T20:15:40.704Z
GET /google/token?state=standard_oauth&code=4%2F0AcvDMrDxBn70cZF4dH_bR9wGA2JvWGbMee_uwwo5UzI3DSaZC-prWLSy8-nK7Fkh1jwwYQ&scope=email+profile+openid+https%3A%2F%2Fwww.googleapis.com%2Fauth%2Fuserinfo.profile+https%3A%2F%2Fwww.googleapis.com%2Fauth%2Fuserinfo.email&authuser=0&prompt=consent 200 3791ms 2024-07-17T20:17:59.173Z
GET /me 200 11ms 2024-07-17T20:17:59.225Z
GET /featured 304 96ms 2024-07-17T20:17:59.568Z
GET /?page=1&search=&order=&limit=5&category= 304 209ms 2024-07-17T20:17:59.699Z
GET /me 304 44ms 2024-07-17T20:40:04.754Z
GET /featured 304 76ms 2024-07-17T20:40:05.288Z
GET /?page=1&search=&order=&limit=5&category= 304 168ms 2024-07-17T20:40:05.386Z
GET /?page=1&search=&order=&limit=5&category= 304 103ms 2024-07-17T20:40:05.673Z
GET /me 304 18ms 2024-07-17T20:40:17.696Z
GET /featured 304 86ms 2024-07-17T20:40:18.160Z
GET /?page=1&search=&order=&limit=5&category= 304 208ms 2024-07-17T20:40:18.288Z
GET /?page=1&search=&order=&limit=5&category= 304 116ms 2024-07-17T20:40:18.429Z
GET /me 304 20ms 2024-07-17T20:42:19.266Z
GET /me 304 9ms 2024-07-17T20:42:19.408Z
GET /featured 304 125ms 2024-07-17T20:42:20.012Z
GET /featured 304 85ms 2024-07-17T20:42:20.065Z
GET /?page=1&search=&order=&limit=5&category= 304 257ms 2024-07-17T20:42:20.167Z
GET /?page=1&search=&order=&limit=5&category= 304 329ms 2024-07-17T20:42:20.313Z
GET /?page=1&search=&order=&limit=5&category= 304 195ms 2024-07-17T20:42:20.513Z
GET /?page=1&search=&order=&limit=5&category= 304 183ms 2024-07-17T20:42:20.729Z
GET /me 304 90ms 2024-07-17T20:43:02.503Z
GET /me 304 63ms 2024-07-17T20:43:02.927Z
GET /featured 304 87ms 2024-07-17T20:43:03.643Z
GET /?page=1&search=&order=&limit=5&category= 304 251ms 2024-07-17T20:43:03.812Z
GET /?page=1&search=&order=&limit=5&category= 304 217ms 2024-07-17T20:43:04.194Z
GET /featured 304 52ms 2024-07-17T20:43:04.317Z
GET /?page=1&search=&order=&limit=5&category= 304 188ms 2024-07-17T20:43:04.468Z
GET /?page=1&search=&order=&limit=5&category= 304 234ms 2024-07-17T20:43:05.876Z
GET /me 304 11ms 2024-07-17T20:43:10.597Z
GET /me 304 8ms 2024-07-17T20:43:10.814Z
GET /featured 304 46ms 2024-07-17T20:43:11.201Z
GET /?page=1&search=&order=&limit=5&category= 304 171ms 2024-07-17T20:43:11.331Z
GET /featured 304 49ms 2024-07-17T20:43:11.341Z
GET /?page=1&search=&order=&limit=5&category= 304 174ms 2024-07-17T20:43:11.475Z
GET /?page=1&search=&order=&limit=5&category= 304 159ms 2024-07-17T20:43:11.562Z
GET /?page=1&search=&order=&limit=5&category= 304 166ms 2024-07-17T20:43:11.668Z
GET /posts/66749e61fb958565f6aaf6b6 200 165ms 2024-07-17T20:43:55.329Z
GET /posts/66749e61fb958565f6aaf6b6 200 34ms 2024-07-17T20:44:00.765Z
GET /me 304 14ms 2024-07-17T20:44:27.968Z
GET /featured 304 52ms 2024-07-17T20:44:29.065Z
GET /?page=1&search=&order=&limit=5&category= 304 170ms 2024-07-17T20:44:29.191Z
GET /me 200 6ms 2024-07-17T20:44:31.388Z
GET /featured 200 154ms 2024-07-17T20:44:31.881Z
GET /?page=1&search=&order=&limit=5&category= 200 274ms 2024-07-17T20:44:32.039Z
GET /?page=1&search=&order=&limit=5&category= 200 246ms 2024-07-17T20:44:33.273Z
GET /me 304 25ms 2024-07-17T20:44:37.247Z
GET /featured 304 115ms 2024-07-17T20:44:38.471Z
GET /?page=1&search=&order=&limit=5&category= 304 239ms 2024-07-17T20:44:38.618Z
GET /?page=1&search=&order=&limit=5&category= 304 164ms 2024-07-17T20:44:38.989Z
GET /me 200 10ms 2024-07-17T20:44:41.010Z
GET /featured 200 39ms 2024-07-17T20:44:41.513Z
GET /?page=1&search=&order=&limit=5&category= 200 93ms 2024-07-17T20:44:41.569Z
GET /me 304 6ms 2024-07-17T20:44:55.465Z
GET /featured 304 71ms 2024-07-17T20:44:56.024Z
GET /?page=1&search=&order=&limit=5&category= 304 185ms 2024-07-17T20:44:56.146Z
GET /me 200 5ms 2024-07-17T20:44:57.604Z
GET /featured 200 50ms 2024-07-17T20:44:58.024Z
GET /?page=1&search=&order=&limit=5&category= 200 124ms 2024-07-17T20:44:58.104Z
GET /me 304 22ms 2024-07-17T20:45:12.029Z
GET /me 200 8ms 2024-07-17T20:45:16.479Z
GET /me 304 17ms 2024-07-17T20:45:16.739Z
GET /featured 304 46ms 2024-07-17T20:45:17.180Z
GET /?page=1&search=&order=&limit=5&category= 304 176ms 2024-07-17T20:45:17.313Z
GET /featured 200 60ms 2024-07-17T20:45:17.324Z
GET /?page=1&search=&order=&limit=5&category= 200 182ms 2024-07-17T20:45:17.498Z
GET /?page=1&search=&order=&limit=5&category= 304 163ms 2024-07-17T20:45:17.635Z
GET /me 200 9ms 2024-07-17T20:45:20.632Z
GET /featured 200 21ms 2024-07-17T20:45:20.905Z
GET /?page=1&search=&order=&limit=5&category= 200 61ms 2024-07-17T20:45:20.948Z
GET /?page=1&search=&order=&limit=5&category= 200 63ms 2024-07-17T20:45:21.136Z
GET /me 304 6ms 2024-07-17T20:45:37.933Z
GET /featured 304 31ms 2024-07-17T20:45:38.107Z
GET /?page=1&search=&order=&limit=5&category= 304 118ms 2024-07-17T20:45:38.196Z
GET /?page=1&search=&order=&limit=5&category= 304 103ms 2024-07-17T20:45:38.331Z
GET /me 200 17ms 2024-07-17T20:45:39.063Z
GET /featured 200 28ms 2024-07-17T20:45:39.581Z
GET /?page=1&search=&order=&limit=5&category= 200 169ms 2024-07-17T20:45:39.762Z
GET /me 304 6ms 2024-07-17T20:46:10.446Z
GET /me 200 104ms 2024-07-17T20:46:13.197Z
GET /featured 200 78ms 2024-07-17T20:46:13.893Z
GET /?page=1&search=&order=&limit=5&category= 200 449ms 2024-07-17T20:46:14.296Z
GET /me 304 181ms 2024-07-17T20:46:16.633Z
GET /featured 304 157ms 2024-07-17T20:46:18.404Z
GET /?page=1&search=&order=&limit=5&category= 304 323ms 2024-07-17T20:46:18.574Z
GET /?page=1&search=&order=&limit=5&category= 304 240ms 2024-07-17T20:46:19.035Z
GET /me 200 9ms 2024-07-17T20:46:22.635Z
GET /featured 200 133ms 2024-07-17T20:46:24.242Z
GET /?page=1&search=&order=&limit=5&category= 200 393ms 2024-07-17T20:46:24.530Z
GET /?page=1&search=&order=&limit=5&category= 200 189ms 2024-07-17T20:46:25.850Z
GET /me 304 58ms 2024-07-17T20:50:09.117Z
GET /featured 304 53ms 2024-07-17T20:50:09.907Z
GET /?page=1&search=&order=&limit=5&category= 304 168ms 2024-07-17T20:50:10.093Z
GET /?page=1&search=&order=&limit=5&category= 304 190ms 2024-07-17T20:50:10.337Z
GET /me 200 11ms 2024-07-17T20:50:12.741Z
GET /featured 200 244ms 2024-07-17T20:50:15.205Z
GET /?page=1&search=&order=&limit=5&category= 200 341ms 2024-07-17T20:50:15.308Z
GET /me 304 69ms 2024-07-17T20:50:16.623Z
GET /featured 304 172ms 2024-07-17T20:50:17.764Z
GET /?page=1&search=&order=&limit=5&category= 304 329ms 2024-07-17T20:50:17.930Z
GET /?page=1&search=&order=&limit=5&category= 304 171ms 2024-07-17T20:50:18.127Z
GET /me 304 8ms 2024-07-17T20:50:40.860Z
GET /featured 304 49ms 2024-07-17T20:50:41.134Z
GET /?page=1&search=&order=&limit=5&category= 304 172ms 2024-07-17T20:50:41.267Z
GET /?page=1&search=&order=&limit=5&category= 304 180ms 2024-07-17T20:50:41.690Z
GET /me 304 14ms 2024-07-17T20:50:49.561Z
GET /me 200 10ms 2024-07-17T20:50:51.136Z
GET /me 304 20ms 2024-07-17T20:51:41.294Z
GET /featured 304 79ms 2024-07-17T20:51:41.571Z
GET /?page=1&search=&order=&limit=5&category= 304 168ms 2024-07-17T20:51:41.661Z
GET /me 200 9ms 2024-07-17T20:51:42.673Z
GET /featured 200 41ms 2024-07-17T20:51:43.084Z
GET /?page=1&search=&order=&limit=5&category= 200 109ms 2024-07-17T20:51:43.162Z
GET /posts/66749e61fb958565f6aaf6b6 200 33ms 2024-07-17T20:51:51.448Z
GET /me 304 13ms 2024-07-17T20:52:17.377Z
GET /featured 304 46ms 2024-07-17T20:52:17.736Z
GET /?page=1&search=&order=&limit=5&category= 200 269ms 2024-07-17T20:52:17.970Z
GET /?page=1&search=&order=&limit=5&category= 304 155ms 2024-07-17T20:52:18.275Z
GET /me 200 6ms 2024-07-17T20:52:18.925Z
GET /featured 200 64ms 2024-07-17T20:52:19.221Z
GET /?page=1&search=&order=&limit=5&category= 200 128ms 2024-07-17T20:52:19.289Z
GET /posts/66749e61fb958565f6aaf6b6 200 56ms 2024-07-17T20:53:20.680Z
GET /posts/66749e61fb958565f6aaf6b6 200 40ms 2024-07-17T20:53:24.503Z
GET /me 304 9ms 2024-07-17T20:54:31.732Z
GET /featured 304 48ms 2024-07-17T20:54:31.952Z
GET /?page=1&search=&order=&limit=5&category= 304 99ms 2024-07-17T20:54:32.038Z
GET /?page=1&search=&order=&limit=5&category= 304 175ms 2024-07-17T20:54:32.347Z
GET /me 200 11ms 2024-07-17T20:54:33.704Z
GET /featured 200 71ms 2024-07-17T20:54:34.229Z
GET /?page=1&search=&order=&limit=5&category= 200 201ms 2024-07-17T20:54:34.362Z
GET /me 304 13ms 2024-07-17T20:54:48.619Z
GET /featured 304 48ms 2024-07-17T20:54:49.064Z
GET /?page=1&search=&order=&limit=5&category= 304 212ms 2024-07-17T20:54:49.242Z
GET /me 200 11ms 2024-07-17T20:54:49.994Z
GET /featured 200 43ms 2024-07-17T20:54:50.268Z
GET /?page=1&search=&order=&limit=5&category= 200 152ms 2024-07-17T20:54:50.409Z
GET /?page=1&search=&order=&limit=5&category= 200 100ms 2024-07-17T20:54:50.937Z
GET /posts/66749e61fb958565f6aaf6b6 200 17ms 2024-07-17T20:54:58.557Z
GET /me 304 9ms 2024-07-17T20:55:16.613Z
GET /featured 304 69ms 2024-07-17T20:55:16.934Z
GET /?page=1&search=&order=&limit=5&category= 200 166ms 2024-07-17T20:55:17.032Z
GET /?page=1&search=&order=&limit=5&category= 304 167ms 2024-07-17T20:55:17.214Z
GET /me 200 7ms 2024-07-17T20:55:17.858Z
GET /featured 200 65ms 2024-07-17T20:55:18.169Z
GET /?page=1&search=&order=&limit=5&category= 200 148ms 2024-07-17T20:55:18.290Z
GET /me 304 7ms 2024-07-17T20:55:29.932Z
GET /featured 304 31ms 2024-07-17T20:55:30.217Z
GET /?page=1&search=&order=&limit=5&category= 304 100ms 2024-07-17T20:55:30.289Z
GET /me 200 6ms 2024-07-17T20:55:31.258Z
GET /featured 200 29ms 2024-07-17T20:55:31.552Z
GET /?page=1&search=&order=&limit=5&category= 200 94ms 2024-07-17T20:55:31.641Z
GET /me 304 59ms 2024-07-17T20:59:16.542Z
GET /featured 304 28ms 2024-07-17T20:59:17.015Z
GET /?page=1&search=&order=&limit=5&category= 304 163ms 2024-07-17T20:59:17.163Z
GET /?page=1&search=&order=&limit=5&category= 304 150ms 2024-07-17T20:59:17.510Z
GET /me 200 7ms 2024-07-17T20:59:18.406Z
GET /featured 200 110ms 2024-07-17T20:59:19.085Z
GET /?page=1&search=&order=&limit=5&category= 200 225ms 2024-07-17T20:59:19.231Z
GET /me 304 8ms 2024-07-17T20:59:22.981Z
GET /featured 304 46ms 2024-07-17T20:59:23.849Z
GET /?page=1&search=&order=&limit=5&category= 304 175ms 2024-07-17T20:59:23.992Z
GET /me 200 9ms 2024-07-17T20:59:25.245Z
GET /featured 200 36ms 2024-07-17T20:59:25.491Z
GET /?page=1&search=&order=&limit=5&category= 200 65ms 2024-07-17T20:59:25.522Z
GET /posts/66749d4f9aeb1da4421170e9 200 13ms 2024-07-17T21:01:44.659Z
GET /posts/66749d4f9aeb1da4421170e9 200 45ms 2024-07-17T21:06:00.334Z
GET /posts/66749d4f9aeb1da4421170e9 200 43ms 2024-07-17T21:06:03.792Z
GET /posts/66742e5ff61ae34a4be6ee1a 200 48ms 2024-07-17T21:09:15.854Z
GET /posts/66749e61fb958565f6aaf6b6 200 84ms 2024-07-17T21:09:20.408Z
